build/app/intermediates/manifest_merge_blame_file/release/manifest-merger-blame-release-report.txt
1<?xml version="1.0" encoding="utf-8"?>
2<manifest xmlns:android="http://schemas.android.com/apk/res/android"
3    package="com.example.flut_fire_training"
4    android:versionCode="1"
5    android:versionName="1.0.0" >
6
7    <uses-sdk
8        android:minSdkVersion="19"
8-->src\main\AndroidManifest.xml
9        android:targetSdkVersion="31" />
9-->src\main\AndroidManifest.xml
10
11    <uses-permission android:name="android.permission.READ_EXTERNAL_STORAGE" />
11-->src\main\AndroidManifest.xml:36:5-80
11-->src\main\AndroidManifest.xml:36:22-77
12    <uses-permission android:name="android.permission.INTERNET" />
12-->[:firebase_dynamic_links] AndroidManifest.xml:9:5-67
12-->[:firebase_dynamic_links] AndroidManifest.xml:9:22-64
13
14    <queries>
14-->[:file_picker] AndroidManifest.xml:11:5-17:15
15        <intent>
15-->[:file_picker] AndroidManifest.xml:12:9-16:18
16            <action android:name="android.intent.action.GET_CONTENT" />
16-->[:file_picker] AndroidManifest.xml:13:13-72
16-->[:file_picker] AndroidManifest.xml:13:21-69
17
18            <data android:mimeType="*/*" />
18-->[:file_picker] AndroidManifest.xml:15:13-44
18-->[:file_picker] AndroidManifest.xml:15:19-41
19        </intent>
20    </queries>
21
22    <uses-permission android:name="android.permission.ACCESS_NETWORK_STATE" />
22-->[com.google.firebase:firebase-auth:21.1.0] AndroidManifest.xml:24:5-79
22-->[com.google.firebase:firebase-auth:21.1.0] AndroidManifest.xml:24:22-76
23
24    <application
25        android:name="io.flutter.app.FlutterMultiDexApplication"
25-->src\main\AndroidManifest.xml:5:9-42
26        android:appComponentFactory="androidx.core.app.CoreComponentFactory"
26-->[androidx.core:core:1.6.0] AndroidManifest.xml:24:18-86
27        android:icon="@mipmap/ic_launcher"
27-->src\main\AndroidManifest.xml:6:9-43
28        android:label="flut_fire_training" >
28-->src\main\AndroidManifest.xml:4:9-43
29        <activity
29-->src\main\AndroidManifest.xml:7:9-27:20
30            android:name="com.example.flut_fire_training.MainActivity"
30-->src\main\AndroidManifest.xml:8:13-41
31            android:configChanges="orientation|keyboardHidden|keyboard|screenSize|smallestScreenSize|locale|layoutDirection|fontScale|screenLayout|density|uiMode"
31-->src\main\AndroidManifest.xml:12:13-163
32            android:exported="true"
32-->src\main\AndroidManifest.xml:9:13-36
33            android:hardwareAccelerated="true"
33-->src\main\AndroidManifest.xml:13:13-47
34            android:launchMode="singleTop"
34-->src\main\AndroidManifest.xml:10:13-43
35            android:theme="@style/LaunchTheme"
35-->src\main\AndroidManifest.xml:11:13-47
36            android:windowSoftInputMode="adjustResize" >
36-->src\main\AndroidManifest.xml:14:13-55
37
38            <!--
39                 Specifies an Android theme to apply to this Activity as soon as
40                 the Android process has started. This theme is visible to the user
41                 while the Flutter UI initializes. After that, this theme continues
42                 to determine the Window background behind the Flutter UI.
43            -->
44            <meta-data
44-->src\main\AndroidManifest.xml:19:13-22:17
45                android:name="io.flutter.embedding.android.NormalTheme"
45-->src\main\AndroidManifest.xml:20:15-70
46                android:resource="@style/NormalTheme" />
46-->src\main\AndroidManifest.xml:21:15-52
47
48            <intent-filter>
48-->src\main\AndroidManifest.xml:23:13-26:29
49                <action android:name="android.intent.action.MAIN" />
49-->src\main\AndroidManifest.xml:24:17-68
49-->src\main\AndroidManifest.xml:24:25-66
50
51                <category android:name="android.intent.category.LAUNCHER" />
51-->src\main\AndroidManifest.xml:25:17-76
51-->src\main\AndroidManifest.xml:25:27-74
52            </intent-filter>
53        </activity>
54
55        <!--
56             Don't delete the meta-data below.
57             This is used by the Flutter tool to generate GeneratedPluginRegistrant.java
58        -->
59        <meta-data
59-->src\main\AndroidManifest.xml:32:9-34:33
60            android:name="flutterEmbedding"
60-->src\main\AndroidManifest.xml:33:13-44
61            android:value="2" />
61-->src\main\AndroidManifest.xml:34:13-30
62
63        <service
63-->[:firebase_auth] AndroidManifest.xml:10:9-14:19
64            android:name="com.google.firebase.components.ComponentDiscoveryService"
64-->[:firebase_auth] AndroidManifest.xml:10:18-89
65            android:directBootAware="true"
65-->[com.google.firebase:firebase-common:20.2.0] AndroidManifest.xml:34:13-43
66            android:exported="false" >
66-->[com.google.firebase:firebase-auth:21.1.0] AndroidManifest.xml:66:13-37
67            <meta-data
67-->[:firebase_auth] AndroidManifest.xml:11:13-13:85
68                android:name="com.google.firebase.components:io.flutter.plugins.firebase.auth.FlutterFirebaseAuthRegistrar"
68-->[:firebase_auth] AndroidManifest.xml:12:17-124
69                android:value="com.google.firebase.components.ComponentRegistrar" />
69-->[:firebase_auth] AndroidManifest.xml:13:17-82
70            <meta-data
70-->[:firebase_storage] AndroidManifest.xml:11:13-13:85
71                android:name="com.google.firebase.components:io.flutter.plugins.firebase.storage.FlutterFirebaseAppRegistrar"
71-->[:firebase_storage] AndroidManifest.xml:12:17-126
72                android:value="com.google.firebase.components.ComponentRegistrar" />
72-->[:firebase_storage] AndroidManifest.xml:13:17-82
73            <meta-data
73-->[:cloud_firestore] AndroidManifest.xml:11:13-13:85
74                android:name="com.google.firebase.components:io.flutter.plugins.firebase.firestore.FlutterFirebaseFirestoreRegistrar"
74-->[:cloud_firestore] AndroidManifest.xml:12:17-134
75                android:value="com.google.firebase.components.ComponentRegistrar" />
75-->[:cloud_firestore] AndroidManifest.xml:13:17-82
76            <meta-data
76-->[:firebase_dynamic_links] AndroidManifest.xml:13:13-15:85
77                android:name="com.google.firebase.components:io.flutter.plugins.firebase.dynamiclinks.FlutterFirebaseAppRegistrar"
77-->[:firebase_dynamic_links] AndroidManifest.xml:14:17-131
78                android:value="com.google.firebase.components.ComponentRegistrar" />
78-->[:firebase_dynamic_links] AndroidManifest.xml:15:17-82
79            <meta-data
79-->[:firebase_core] AndroidManifest.xml:11:13-13:85
80                android:name="com.google.firebase.components:io.flutter.plugins.firebase.core.FlutterFirebaseCoreRegistrar"
80-->[:firebase_core] AndroidManifest.xml:12:17-124
81                android:value="com.google.firebase.components.ComponentRegistrar" />
81-->[:firebase_core] AndroidManifest.xml:13:17-82
82            <meta-data
82-->[com.google.firebase:firebase-auth:21.1.0] AndroidManifest.xml:67:13-69:85
83                android:name="com.google.firebase.components:com.google.firebase.auth.FirebaseAuthRegistrar"
83-->[com.google.firebase:firebase-auth:21.1.0] AndroidManifest.xml:68:17-109
84                android:value="com.google.firebase.components.ComponentRegistrar" />
84-->[com.google.firebase:firebase-auth:21.1.0] AndroidManifest.xml:69:17-82
85            <meta-data
85-->[com.google.firebase:firebase-firestore:24.4.0] AndroidManifest.xml:19:13-21:85
86                android:name="com.google.firebase.components:com.google.firebase.firestore.FirestoreRegistrar"
86-->[com.google.firebase:firebase-firestore:24.4.0] AndroidManifest.xml:20:17-111
87                android:value="com.google.firebase.components.ComponentRegistrar" />
87-->[com.google.firebase:firebase-firestore:24.4.0] AndroidManifest.xml:21:17-82
88            <meta-data
88-->[com.google.firebase:firebase-dynamic-links:21.1.0] AndroidManifest.xml:26:13-28:85
89                android:name="com.google.firebase.components:com.google.firebase.dynamiclinks.internal.FirebaseDynamicLinkRegistrar"
89-->[com.google.firebase:firebase-dynamic-links:21.1.0] AndroidManifest.xml:27:17-133
90                android:value="com.google.firebase.components.ComponentRegistrar" />
90-->[com.google.firebase:firebase-dynamic-links:21.1.0] AndroidManifest.xml:28:17-82
91            <meta-data
91-->[com.google.firebase:firebase-storage:20.1.0] AndroidManifest.xml:32:13-34:85
92                android:name="com.google.firebase.components:com.google.firebase.storage.StorageRegistrar"
92-->[com.google.firebase:firebase-storage:20.1.0] AndroidManifest.xml:33:17-107
93                android:value="com.google.firebase.components.ComponentRegistrar" />
93-->[com.google.firebase:firebase-storage:20.1.0] AndroidManifest.xml:34:17-82
94        </service>
95
96        <uses-library
96-->[androidx.window:window:1.0.0-beta04] AndroidManifest.xml:25:9-27:40
97            android:name="androidx.window.extensions"
97-->[androidx.window:window:1.0.0-beta04] AndroidManifest.xml:26:13-54
98            android:required="false" />
98-->[androidx.window:window:1.0.0-beta04] AndroidManifest.xml:27:13-37
99        <uses-library
99-->[androidx.window:window:1.0.0-beta04] AndroidManifest.xml:28:9-30:40
100            android:name="androidx.window.sidecar"
100-->[androidx.window:window:1.0.0-beta04] AndroidManifest.xml:29:13-51
101            android:required="false" />
101-->[androidx.window:window:1.0.0-beta04] AndroidManifest.xml:30:13-37
102
103        <activity
103-->[com.google.firebase:firebase-auth:21.1.0] AndroidManifest.xml:27:9-44:20
104            android:name="com.google.firebase.auth.internal.GenericIdpActivity"
104-->[com.google.firebase:firebase-auth:21.1.0] AndroidManifest.xml:28:13-80
105            android:excludeFromRecents="true"
105-->[com.google.firebase:firebase-auth:21.1.0] AndroidManifest.xml:29:13-46
106            android:exported="true"
106-->[com.google.firebase:firebase-auth:21.1.0] AndroidManifest.xml:30:13-36
107            android:launchMode="singleTask"
107-->[com.google.firebase:firebase-auth:21.1.0] AndroidManifest.xml:31:13-44
108            android:theme="@android:style/Theme.Translucent.NoTitleBar" >
108-->[com.google.firebase:firebase-auth:21.1.0] AndroidManifest.xml:32:13-72
109            <intent-filter>
109-->[com.google.firebase:firebase-auth:21.1.0] AndroidManifest.xml:33:13-43:29
110                <action android:name="android.intent.action.VIEW" />
110-->[com.google.firebase:firebase-auth:21.1.0] AndroidManifest.xml:34:17-69
110-->[com.google.firebase:firebase-auth:21.1.0] AndroidManifest.xml:34:25-66
111
112                <category android:name="android.intent.category.DEFAULT" />
112-->[com.google.firebase:firebase-auth:21.1.0] AndroidManifest.xml:36:17-76
112-->[com.google.firebase:firebase-auth:21.1.0] AndroidManifest.xml:36:27-73
113                <category android:name="android.intent.category.BROWSABLE" />
113-->[com.google.firebase:firebase-auth:21.1.0] AndroidManifest.xml:37:17-78
113-->[com.google.firebase:firebase-auth:21.1.0] AndroidManifest.xml:37:27-75
114
115                <data
115-->[:file_picker] AndroidManifest.xml:15:13-44
116                    android:host="firebase.auth"
117                    android:path="/"
118                    android:scheme="genericidp" />
119            </intent-filter>
120        </activity>
121        <activity
121-->[com.google.firebase:firebase-auth:21.1.0] AndroidManifest.xml:45:9-62:20
122            android:name="com.google.firebase.auth.internal.RecaptchaActivity"
122-->[com.google.firebase:firebase-auth:21.1.0] AndroidManifest.xml:46:13-79
123            android:excludeFromRecents="true"
123-->[com.google.firebase:firebase-auth:21.1.0] AndroidManifest.xml:47:13-46
124            android:exported="true"
124-->[com.google.firebase:firebase-auth:21.1.0] AndroidManifest.xml:48:13-36
125            android:launchMode="singleTask"
125-->[com.google.firebase:firebase-auth:21.1.0] AndroidManifest.xml:49:13-44
126            android:theme="@android:style/Theme.Translucent.NoTitleBar" >
126-->[com.google.firebase:firebase-auth:21.1.0] AndroidManifest.xml:50:13-72
127            <intent-filter>
127-->[com.google.firebase:firebase-auth:21.1.0] AndroidManifest.xml:51:13-61:29
128                <action android:name="android.intent.action.VIEW" />
128-->[com.google.firebase:firebase-auth:21.1.0] AndroidManifest.xml:34:17-69
128-->[com.google.firebase:firebase-auth:21.1.0] AndroidManifest.xml:34:25-66
129
130                <category android:name="android.intent.category.DEFAULT" />
130-->[com.google.firebase:firebase-auth:21.1.0] AndroidManifest.xml:36:17-76
130-->[com.google.firebase:firebase-auth:21.1.0] AndroidManifest.xml:36:27-73
131                <category android:name="android.intent.category.BROWSABLE" />
131-->[com.google.firebase:firebase-auth:21.1.0] AndroidManifest.xml:37:17-78
131-->[com.google.firebase:firebase-auth:21.1.0] AndroidManifest.xml:37:27-75
132
133                <data
133-->[:file_picker] AndroidManifest.xml:15:13-44
134                    android:host="firebase.auth"
135                    android:path="/"
136                    android:scheme="recaptcha" />
137            </intent-filter>
138        </activity>
139
140        <provider
140-->[com.google.firebase:firebase-common:20.2.0] AndroidManifest.xml:25:9-30:39
141            android:name="com.google.firebase.provider.FirebaseInitProvider"
141-->[com.google.firebase:firebase-common:20.2.0] AndroidManifest.xml:26:13-77
142            android:authorities="com.example.flut_fire_training.firebaseinitprovider"
142-->[com.google.firebase:firebase-common:20.2.0] AndroidManifest.xml:27:13-72
143            android:directBootAware="true"
143-->[com.google.firebase:firebase-common:20.2.0] AndroidManifest.xml:28:13-43
144            android:exported="false"
144-->[com.google.firebase:firebase-common:20.2.0] AndroidManifest.xml:29:13-37
145            android:initOrder="100" />
145-->[com.google.firebase:firebase-common:20.2.0] AndroidManifest.xml:30:13-36
146
147        <activity
147-->[com.google.android.gms:play-services-base:18.0.1] AndroidManifest.xml:20:9-22:45
148            android:name="com.google.android.gms.common.api.GoogleApiActivity"
148-->[com.google.android.gms:play-services-base:18.0.1] AndroidManifest.xml:20:19-85
149            android:exported="false"
149-->[com.google.android.gms:play-services-base:18.0.1] AndroidManifest.xml:22:19-43
150            android:theme="@android:style/Theme.Translucent.NoTitleBar" />
150-->[com.google.android.gms:play-services-base:18.0.1] AndroidManifest.xml:21:19-78
151
152        <meta-data
152-->[com.google.android.gms:play-services-basement:18.1.0] AndroidManifest.xml:21:9-23:69
153            android:name="com.google.android.gms.version"
153-->[com.google.android.gms:play-services-basement:18.1.0] AndroidManifest.xml:22:13-58
154            android:value="@integer/google_play_services_version" />
154-->[com.google.android.gms:play-services-basement:18.1.0] AndroidManifest.xml:23:13-66
155    </application>
156
157</manifest>